04-Jan-2023 13:05:18.826 INFO [main] org.apache.catalina.startup.VersionLoggerListener.log Server version name:   Apache Tomcat/10.1.4
04-Jan-2023 13:05:18.829 INFO [main] org.apache.catalina.startup.VersionLoggerListener.log Server built:          Dec 5 2022 16:30:12 UTC
04-Jan-2023 13:05:18.830 INFO [main] org.apache.catalina.startup.VersionLoggerListener.log Server version number: 10.1.4.0
04-Jan-2023 13:05:18.830 INFO [main] org.apache.catalina.startup.VersionLoggerListener.log OS Name:               Linux
04-Jan-2023 13:05:18.830 INFO [main] org.apache.catalina.startup.VersionLoggerListener.log OS Version:            5.15.0-56-generic
04-Jan-2023 13:05:18.830 INFO [main] org.apache.catalina.startup.VersionLoggerListener.log Architecture:          amd64
04-Jan-2023 13:05:18.830 INFO [main] org.apache.catalina.startup.VersionLoggerListener.log Java Home:             /usr/lib/jvm/java-17-oracle
04-Jan-2023 13:05:18.830 INFO [main] org.apache.catalina.startup.VersionLoggerListener.log JVM Version:           17.0.1+12-LTS-39
04-Jan-2023 13:05:18.830 INFO [main] org.apache.catalina.startup.VersionLoggerListener.log JVM Vendor:            Oracle Corporation
04-Jan-2023 13:05:18.831 INFO [main] org.apache.catalina.startup.VersionLoggerListener.log CATALINA_BASE:         /home/santihs/SANTIAGO/CURSOS UDEMY/java/MasterJava/39. Introduccion Java EE/apache-tomcat-10.1.4
04-Jan-2023 13:05:18.831 INFO [main] org.apache.catalina.startup.VersionLoggerListener.log CATALINA_HOME:         /home/santihs/SANTIAGO/CURSOS UDEMY/java/MasterJava/39. Introduccion Java EE/apache-tomcat-10.1.4
04-Jan-2023 13:05:18.844 INFO [main] org.apache.catalina.startup.VersionLoggerListener.log Command line argument: -Djava.util.logging.config.file=/home/santihs/SANTIAGO/CURSOS UDEMY/java/MasterJava/39. Introduccion Java EE/apache-tomcat-10.1.4/conf/logging.properties
04-Jan-2023 13:05:18.844 INFO [main] org.apache.catalina.startup.VersionLoggerListener.log Command line argument: -Djava.util.logging.manager=org.apache.juli.ClassLoaderLogManager
04-Jan-2023 13:05:18.844 INFO [main] org.apache.catalina.startup.VersionLoggerListener.log Command line argument: -Djdk.tls.ephemeralDHKeySize=2048
04-Jan-2023 13:05:18.844 INFO [main] org.apache.catalina.startup.VersionLoggerListener.log Command line argument: -Djava.protocol.handler.pkgs=org.apache.catalina.webresources
04-Jan-2023 13:05:18.844 INFO [main] org.apache.catalina.startup.VersionLoggerListener.log Command line argument: -Dorg.apache.catalina.security.SecurityListener.UMASK=0027
04-Jan-2023 13:05:18.844 INFO [main] org.apache.catalina.startup.VersionLoggerListener.log Command line argument: --add-opens=java.base/java.lang=ALL-UNNAMED
04-Jan-2023 13:05:18.845 INFO [main] org.apache.catalina.startup.VersionLoggerListener.log Command line argument: --add-opens=java.base/java.io=ALL-UNNAMED
04-Jan-2023 13:05:18.845 INFO [main] org.apache.catalina.startup.VersionLoggerListener.log Command line argument: --add-opens=java.base/java.util=ALL-UNNAMED
04-Jan-2023 13:05:18.845 INFO [main] org.apache.catalina.startup.VersionLoggerListener.log Command line argument: --add-opens=java.base/java.util.concurrent=ALL-UNNAMED
04-Jan-2023 13:05:18.845 INFO [main] org.apache.catalina.startup.VersionLoggerListener.log Command line argument: --add-opens=java.rmi/sun.rmi.transport=ALL-UNNAMED
04-Jan-2023 13:05:18.845 INFO [main] org.apache.catalina.startup.VersionLoggerListener.log Command line argument: -Dcatalina.base=/home/santihs/SANTIAGO/CURSOS UDEMY/java/MasterJava/39. Introduccion Java EE/apache-tomcat-10.1.4
04-Jan-2023 13:05:18.845 INFO [main] org.apache.catalina.startup.VersionLoggerListener.log Command line argument: -Dcatalina.home=/home/santihs/SANTIAGO/CURSOS UDEMY/java/MasterJava/39. Introduccion Java EE/apache-tomcat-10.1.4
04-Jan-2023 13:05:18.845 INFO [main] org.apache.catalina.startup.VersionLoggerListener.log Command line argument: -Djava.io.tmpdir=/home/santihs/SANTIAGO/CURSOS UDEMY/java/MasterJava/39. Introduccion Java EE/apache-tomcat-10.1.4/temp
04-Jan-2023 13:05:18.847 INFO [main] org.apache.catalina.core.AprLifecycleListener.lifecycleEvent The Apache Tomcat Native library which allows using OpenSSL was not found on the java.library.path: [/usr/java/packages/lib:/usr/lib64:/lib64:/lib:/usr/lib]
04-Jan-2023 13:05:19.125 INFO [main] org.apache.coyote.AbstractProtocol.init Initializing ProtocolHandler ["http-nio-8080"]
04-Jan-2023 13:05:19.152 INFO [main] org.apache.catalina.startup.Catalina.load Server initialization in [507] milliseconds
04-Jan-2023 13:05:19.199 INFO [main] org.apache.catalina.core.StandardService.startInternal Starting service [Catalina]
04-Jan-2023 13:05:19.199 INFO [main] org.apache.catalina.core.StandardEngine.startInternal Starting Servlet engine: [Apache Tomcat/10.1.4]
04-Jan-2023 13:05:19.206 INFO [main] org.apache.catalina.startup.HostConfig.deployDirectory Deploying web application directory [/home/santihs/SANTIAGO/CURSOS UDEMY/java/MasterJava/39. Introduccion Java EE/apache-tomcat-10.1.4/webapps/examples]
04-Jan-2023 13:05:19.752 INFO [main] org.apache.catalina.startup.HostConfig.deployDirectory Deployment of web application directory [/home/santihs/SANTIAGO/CURSOS UDEMY/java/MasterJava/39. Introduccion Java EE/apache-tomcat-10.1.4/webapps/examples] has finished in [545] ms
04-Jan-2023 13:05:19.753 INFO [main] org.apache.catalina.startup.HostConfig.deployDirectory Deploying web application directory [/home/santihs/SANTIAGO/CURSOS UDEMY/java/MasterJava/39. Introduccion Java EE/apache-tomcat-10.1.4/webapps/docs]
04-Jan-2023 13:05:19.773 INFO [main] org.apache.catalina.startup.HostConfig.deployDirectory Deployment of web application directory [/home/santihs/SANTIAGO/CURSOS UDEMY/java/MasterJava/39. Introduccion Java EE/apache-tomcat-10.1.4/webapps/docs] has finished in [20] ms
04-Jan-2023 13:05:19.773 INFO [main] org.apache.catalina.startup.HostConfig.deployDirectory Deploying web application directory [/home/santihs/SANTIAGO/CURSOS UDEMY/java/MasterJava/39. Introduccion Java EE/apache-tomcat-10.1.4/webapps/manager]
04-Jan-2023 13:05:19.803 INFO [main] org.apache.catalina.startup.HostConfig.deployDirectory Deployment of web application directory [/home/santihs/SANTIAGO/CURSOS UDEMY/java/MasterJava/39. Introduccion Java EE/apache-tomcat-10.1.4/webapps/manager] has finished in [30] ms
04-Jan-2023 13:05:19.804 INFO [main] org.apache.catalina.startup.HostConfig.deployDirectory Deploying web application directory [/home/santihs/SANTIAGO/CURSOS UDEMY/java/MasterJava/39. Introduccion Java EE/apache-tomcat-10.1.4/webapps/ROOT]
04-Jan-2023 13:05:19.821 INFO [main] org.apache.catalina.startup.HostConfig.deployDirectory Deployment of web application directory [/home/santihs/SANTIAGO/CURSOS UDEMY/java/MasterJava/39. Introduccion Java EE/apache-tomcat-10.1.4/webapps/ROOT] has finished in [17] ms
04-Jan-2023 13:05:19.821 INFO [main] org.apache.catalina.startup.HostConfig.deployDirectory Deploying web application directory [/home/santihs/SANTIAGO/CURSOS UDEMY/java/MasterJava/39. Introduccion Java EE/apache-tomcat-10.1.4/webapps/host-manager]
04-Jan-2023 13:05:19.842 INFO [main] org.apache.catalina.startup.HostConfig.deployDirectory Deployment of web application directory [/home/santihs/SANTIAGO/CURSOS UDEMY/java/MasterJava/39. Introduccion Java EE/apache-tomcat-10.1.4/webapps/host-manager] has finished in [21] ms
04-Jan-2023 13:05:19.845 INFO [main] org.apache.coyote.AbstractProtocol.start Starting ProtocolHandler ["http-nio-8080"]
04-Jan-2023 13:05:19.860 INFO [main] org.apache.catalina.startup.Catalina.start Server startup in [707] milliseconds
04-Jan-2023 13:08:20.584 INFO [http-nio-8080-exec-1] org.apache.catalina.startup.HostConfig.deployWAR Deploying web application archive [/home/santihs/SANTIAGO/CURSOS UDEMY/java/MasterJava/39. Introduccion Java EE/apache-tomcat-10.1.4/webapps/WebApp.war]
04-Jan-2023 13:08:20.621 INFO [http-nio-8080-exec-1] org.apache.catalina.startup.HostConfig.deployWAR Deployment of web application archive [/home/santihs/SANTIAGO/CURSOS UDEMY/java/MasterJava/39. Introduccion Java EE/apache-tomcat-10.1.4/webapps/WebApp.war] has finished in [36] ms
04-Jan-2023 13:09:28.067 INFO [http-nio-8080-exec-3] org.apache.catalina.startup.HostConfig.undeploy Undeploying context [/WebApp]
04-Jan-2023 13:09:28.090 INFO [http-nio-8080-exec-3] org.apache.catalina.startup.HostConfig.deployWAR Deploying web application archive [/home/santihs/SANTIAGO/CURSOS UDEMY/java/MasterJava/39. Introduccion Java EE/apache-tomcat-10.1.4/webapps/WebApp.war]
04-Jan-2023 13:09:28.120 INFO [http-nio-8080-exec-3] org.apache.catalina.startup.HostConfig.deployWAR Deployment of web application archive [/home/santihs/SANTIAGO/CURSOS UDEMY/java/MasterJava/39. Introduccion Java EE/apache-tomcat-10.1.4/webapps/WebApp.war] has finished in [29] ms
04-Jan-2023 13:12:19.289 INFO [main] org.apache.catalina.core.StandardServer.await A valid shutdown command was received via the shutdown port. Stopping the Server instance.
04-Jan-2023 13:12:19.289 INFO [main] org.apache.coyote.AbstractProtocol.pause Pausing ProtocolHandler ["http-nio-8080"]
04-Jan-2023 13:12:19.291 INFO [main] org.apache.catalina.core.StandardService.stopInternal Stopping service [Catalina]
04-Jan-2023 13:12:19.304 INFO [main] org.apache.coyote.AbstractProtocol.stop Stopping ProtocolHandler ["http-nio-8080"]
04-Jan-2023 13:12:19.314 INFO [main] org.apache.coyote.AbstractProtocol.destroy Destroying ProtocolHandler ["http-nio-8080"]
04-Jan-2023 13:12:38.972 INFO [main] org.apache.catalina.startup.VersionLoggerListener.log Server version name:   Apache Tomcat/10.1.4
04-Jan-2023 13:12:38.976 INFO [main] org.apache.catalina.startup.VersionLoggerListener.log Server built:          Dec 5 2022 16:30:12 UTC
04-Jan-2023 13:12:38.976 INFO [main] org.apache.catalina.startup.VersionLoggerListener.log Server version number: 10.1.4.0
04-Jan-2023 13:12:38.976 INFO [main] org.apache.catalina.startup.VersionLoggerListener.log OS Name:               Linux
04-Jan-2023 13:12:38.976 INFO [main] org.apache.catalina.startup.VersionLoggerListener.log OS Version:            5.15.0-56-generic
04-Jan-2023 13:12:38.976 INFO [main] org.apache.catalina.startup.VersionLoggerListener.log Architecture:          amd64
04-Jan-2023 13:12:38.976 INFO [main] org.apache.catalina.startup.VersionLoggerListener.log Java Home:             /usr/lib/jvm/java-17-oracle
04-Jan-2023 13:12:38.976 INFO [main] org.apache.catalina.startup.VersionLoggerListener.log JVM Version:           17.0.1+12-LTS-39
04-Jan-2023 13:12:38.976 INFO [main] org.apache.catalina.startup.VersionLoggerListener.log JVM Vendor:            Oracle Corporation
04-Jan-2023 13:12:38.976 INFO [main] org.apache.catalina.startup.VersionLoggerListener.log CATALINA_BASE:         /home/santihs/SANTIAGO/CURSOS UDEMY/java/MasterJava/39. Introduccion Java EE/apache-tomcat-10.1.4
04-Jan-2023 13:12:38.977 INFO [main] org.apache.catalina.startup.VersionLoggerListener.log CATALINA_HOME:         /home/santihs/SANTIAGO/CURSOS UDEMY/java/MasterJava/39. Introduccion Java EE/apache-tomcat-10.1.4
04-Jan-2023 13:12:38.984 INFO [main] org.apache.catalina.startup.VersionLoggerListener.log Command line argument: -Djava.util.logging.config.file=/home/santihs/SANTIAGO/CURSOS UDEMY/java/MasterJava/39. Introduccion Java EE/apache-tomcat-10.1.4/conf/logging.properties
04-Jan-2023 13:12:38.984 INFO [main] org.apache.catalina.startup.VersionLoggerListener.log Command line argument: -Djava.util.logging.manager=org.apache.juli.ClassLoaderLogManager
04-Jan-2023 13:12:38.984 INFO [main] org.apache.catalina.startup.VersionLoggerListener.log Command line argument: -Djdk.tls.ephemeralDHKeySize=2048
04-Jan-2023 13:12:38.984 INFO [main] org.apache.catalina.startup.VersionLoggerListener.log Command line argument: -Djava.protocol.handler.pkgs=org.apache.catalina.webresources
04-Jan-2023 13:12:38.984 INFO [main] org.apache.catalina.startup.VersionLoggerListener.log Command line argument: -Dorg.apache.catalina.security.SecurityListener.UMASK=0027
04-Jan-2023 13:12:38.985 INFO [main] org.apache.catalina.startup.VersionLoggerListener.log Command line argument: --add-opens=java.base/java.lang=ALL-UNNAMED
04-Jan-2023 13:12:38.985 INFO [main] org.apache.catalina.startup.VersionLoggerListener.log Command line argument: --add-opens=java.base/java.io=ALL-UNNAMED
04-Jan-2023 13:12:38.985 INFO [main] org.apache.catalina.startup.VersionLoggerListener.log Command line argument: --add-opens=java.base/java.util=ALL-UNNAMED
04-Jan-2023 13:12:38.985 INFO [main] org.apache.catalina.startup.VersionLoggerListener.log Command line argument: --add-opens=java.base/java.util.concurrent=ALL-UNNAMED
04-Jan-2023 13:12:38.985 INFO [main] org.apache.catalina.startup.VersionLoggerListener.log Command line argument: --add-opens=java.rmi/sun.rmi.transport=ALL-UNNAMED
04-Jan-2023 13:12:38.985 INFO [main] org.apache.catalina.startup.VersionLoggerListener.log Command line argument: -Dcatalina.base=/home/santihs/SANTIAGO/CURSOS UDEMY/java/MasterJava/39. Introduccion Java EE/apache-tomcat-10.1.4
04-Jan-2023 13:12:38.985 INFO [main] org.apache.catalina.startup.VersionLoggerListener.log Command line argument: -Dcatalina.home=/home/santihs/SANTIAGO/CURSOS UDEMY/java/MasterJava/39. Introduccion Java EE/apache-tomcat-10.1.4
04-Jan-2023 13:12:38.985 INFO [main] org.apache.catalina.startup.VersionLoggerListener.log Command line argument: -Djava.io.tmpdir=/home/santihs/SANTIAGO/CURSOS UDEMY/java/MasterJava/39. Introduccion Java EE/apache-tomcat-10.1.4/temp
04-Jan-2023 13:12:38.986 INFO [main] org.apache.catalina.core.AprLifecycleListener.lifecycleEvent The Apache Tomcat Native library which allows using OpenSSL was not found on the java.library.path: [/usr/java/packages/lib:/usr/lib64:/lib64:/lib:/usr/lib]
04-Jan-2023 13:12:39.213 INFO [main] org.apache.coyote.AbstractProtocol.init Initializing ProtocolHandler ["http-nio-8080"]
04-Jan-2023 13:12:39.234 INFO [main] org.apache.catalina.startup.Catalina.load Server initialization in [396] milliseconds
04-Jan-2023 13:12:39.271 INFO [main] org.apache.catalina.core.StandardService.startInternal Starting service [Catalina]
04-Jan-2023 13:12:39.271 INFO [main] org.apache.catalina.core.StandardEngine.startInternal Starting Servlet engine: [Apache Tomcat/10.1.4]
04-Jan-2023 13:12:39.286 INFO [main] org.apache.catalina.startup.HostConfig.deployWAR Deploying web application archive [/home/santihs/SANTIAGO/CURSOS UDEMY/java/MasterJava/39. Introduccion Java EE/apache-tomcat-10.1.4/webapps/WebApp.war]
04-Jan-2023 13:12:39.535 INFO [main] org.apache.catalina.startup.HostConfig.deployWAR Deployment of web application archive [/home/santihs/SANTIAGO/CURSOS UDEMY/java/MasterJava/39. Introduccion Java EE/apache-tomcat-10.1.4/webapps/WebApp.war] has finished in [249] ms
04-Jan-2023 13:12:39.536 INFO [main] org.apache.catalina.startup.HostConfig.deployDirectory Deploying web application directory [/home/santihs/SANTIAGO/CURSOS UDEMY/java/MasterJava/39. Introduccion Java EE/apache-tomcat-10.1.4/webapps/examples]
04-Jan-2023 13:12:39.733 INFO [main] org.apache.catalina.startup.HostConfig.deployDirectory Deployment of web application directory [/home/santihs/SANTIAGO/CURSOS UDEMY/java/MasterJava/39. Introduccion Java EE/apache-tomcat-10.1.4/webapps/examples] has finished in [197] ms
04-Jan-2023 13:12:39.733 INFO [main] org.apache.catalina.startup.HostConfig.deployDirectory Deploying web application directory [/home/santihs/SANTIAGO/CURSOS UDEMY/java/MasterJava/39. Introduccion Java EE/apache-tomcat-10.1.4/webapps/docs]
04-Jan-2023 13:12:39.757 INFO [main] org.apache.catalina.startup.HostConfig.deployDirectory Deployment of web application directory [/home/santihs/SANTIAGO/CURSOS UDEMY/java/MasterJava/39. Introduccion Java EE/apache-tomcat-10.1.4/webapps/docs] has finished in [24] ms
04-Jan-2023 13:12:39.757 INFO [main] org.apache.catalina.startup.HostConfig.deployDirectory Deploying web application directory [/home/santihs/SANTIAGO/CURSOS UDEMY/java/MasterJava/39. Introduccion Java EE/apache-tomcat-10.1.4/webapps/manager]
04-Jan-2023 13:12:39.780 INFO [main] org.apache.catalina.startup.HostConfig.deployDirectory Deployment of web application directory [/home/santihs/SANTIAGO/CURSOS UDEMY/java/MasterJava/39. Introduccion Java EE/apache-tomcat-10.1.4/webapps/manager] has finished in [23] ms
04-Jan-2023 13:12:39.780 INFO [main] org.apache.catalina.startup.HostConfig.deployDirectory Deploying web application directory [/home/santihs/SANTIAGO/CURSOS UDEMY/java/MasterJava/39. Introduccion Java EE/apache-tomcat-10.1.4/webapps/ROOT]
04-Jan-2023 13:12:39.795 INFO [main] org.apache.catalina.startup.HostConfig.deployDirectory Deployment of web application directory [/home/santihs/SANTIAGO/CURSOS UDEMY/java/MasterJava/39. Introduccion Java EE/apache-tomcat-10.1.4/webapps/ROOT] has finished in [14] ms
04-Jan-2023 13:12:39.795 INFO [main] org.apache.catalina.startup.HostConfig.deployDirectory Deploying web application directory [/home/santihs/SANTIAGO/CURSOS UDEMY/java/MasterJava/39. Introduccion Java EE/apache-tomcat-10.1.4/webapps/host-manager]
04-Jan-2023 13:12:39.813 INFO [main] org.apache.catalina.startup.HostConfig.deployDirectory Deployment of web application directory [/home/santihs/SANTIAGO/CURSOS UDEMY/java/MasterJava/39. Introduccion Java EE/apache-tomcat-10.1.4/webapps/host-manager] has finished in [17] ms
04-Jan-2023 13:12:39.816 INFO [main] org.apache.coyote.AbstractProtocol.start Starting ProtocolHandler ["http-nio-8080"]
04-Jan-2023 13:12:39.825 INFO [main] org.apache.catalina.startup.Catalina.start Server startup in [590] milliseconds
